#
# There is insufficient memory for the Java Runtime Environment to continue.
# Native memory allocation (mmap) failed to map 264241152 bytes. Error detail: G1 virtual space
# Possible reasons:
#   The system is out of physical RAM or swap space
#   This process is running with CompressedOops enabled, and the Java Heap may be blocking the growth of the native heap
# Possible solutions:
#   Reduce memory load on the system
#   Increase physical memory or swap space
#   Check if swap backing store is full
#   Decrease Java heap size (-Xmx/-Xms)
#   Decrease number of Java threads
#   Decrease Java thread stack sizes (-Xss)
#   Set larger code cache with -XX:ReservedCodeCacheSize=
#   JVM is running with Zero Based Compressed Oops mode in which the Java heap is
#     placed in the first 32GB address space. The Java Heap base address is the
#     maximum limit for the native heap growth. Please use -XX:HeapBaseMinAddress
#     to set the Java Heap base and to place the Java Heap above 32GB virtual address.
# This output file may be truncated or incomplete.
#
#  Out of Memory Error (os_windows.cpp:3603), pid=25368, tid=17816
#
# JRE version:  (21.0.3+9) (build )
# Java VM: OpenJDK 64-Bit Server VM (21.0.3+9-LTS, mixed mode, sharing, tiered, compressed oops, compressed class ptrs, g1 gc, windows-amd64)
# No core dump will be written. Minidumps are not enabled by default on client versions of Windows
#

---------------  S U M M A R Y ------------

Command Line: -Dfile.encoding=UTF-8 -Dstdout.encoding=UTF-8 -Dstderr.encoding=UTF-8 --module-path=C:\workspace\02_Java\toyProect_hospital\bin -XX:+ShowCodeDetailsInExceptionMessages -Djdk.module.main=toyProect_hospital toyProect_hospital/hw.toy.hospital.run.HospitalRun

Host: 13th Gen Intel(R) Core(TM) i5-1340P, 16 cores, 15G,  Windows 11 , 64 bit Build 22621 (10.0.22621.3958)
Time: Sun Sep 29 19:39:05 2024  Windows 11 , 64 bit Build 22621 (10.0.22621.3958) elapsed time: 0.013649 seconds (0d 0h 0m 0s)

---------------  T H R E A D  ---------------

Current thread (0x0000025a81577690):  JavaThread "Unknown thread" [_thread_in_vm, id=17816, stack(0x0000007254f00000,0x0000007255000000) (1024K)]

Stack: [0x0000007254f00000,0x0000007255000000]
Native frames: (J=compiled Java code, j=interpreted, Vv=VM code, C=native code)
V  [jvm.dll+0x6c8699]
V  [jvm.dll+0x8a2061]
V  [jvm.dll+0x8a458e]
V  [jvm.dll+0x8a4c63]
V  [jvm.dll+0x27e476]
V  [jvm.dll+0x6c4e15]
V  [jvm.dll+0x6b9b0a]
V  [jvm.dll+0x3523ba]
V  [jvm.dll+0x359f66]
V  [jvm.dll+0x3ab1be]
V  [jvm.dll+0x3ab468]
V  [jvm.dll+0x3265fc]
V  [jvm.dll+0x32715b]
V  [jvm.dll+0x86b0b9]
V  [jvm.dll+0x3b81c1]
V  [jvm.dll+0x854318]
V  [jvm.dll+0x44c55e]
V  [jvm.dll+0x44e081]
C  [jli.dll+0x5278]
C  [ucrtbase.dll+0x29333]
C  [KERNEL32.DLL+0x1257d]
C  [ntdll.dll+0x5af28]


---------------  P R O C E S S  ---------------

Threads class SMR info:
_java_thread_list=0x00007fff3ea4e048, length=0, elements={
}

Java Threads: ( => current thread )
Total: 0

Other Threads:
  0x0000025a838fd1a0 WorkerThread "GC Thread#0"                     [id=29088, stack(0x0000007255000000,0x0000007255100000) (1024K)]
  0x0000025a8390dc90 ConcurrentGCThread "G1 Main Marker"            [id=9720, stack(0x0000007255100000,0x0000007255200000) (1024K)]
  0x0000025a8390e790 WorkerThread "G1 Conc#0"                       [id=3508, stack(0x0000007255200000,0x0000007255300000) (1024K)]

[error occurred during error reporting (printing all threads), id 0xc0000005, EXCEPTION_ACCESS_VIOLATION (0xc0000005) at pc=0x00007fff3e158f27]
VM state: not at safepoint (not fully initialized)

VM Mutex/Monitor currently owned by a thread:  ([mutex/lock_event])
[0x00007fff3eac2228] Heap_lock - owner thread: 0x0000025a81577690

Heap address: 0x0000000704e00000, size: 4018 MB, Compressed Oops mode: Zero based, Oop shift amount: 3

CDS archive(s) mapped at: [0x0000000000000000-0x0000000000000000-0x0000000000000000), size 0, SharedBaseAddress: 0x0000000800000000, ArchiveRelocationMode: 1.
Narrow klass base: 0x0000000000000000, Narrow klass shift: 0, Narrow klass range: 0x0

GC Precious Log:
 CardTable entry size: 512
 Card Set container configuration: InlinePtr #cards 4 size 8 Array Of Cards #cards 16 size 48 Howl #buckets 8 coarsen threshold 3686 Howl Bitmap #cards 512 size 80 coarsen threshold 460 Card regions per heap region 1 cards per card region 4096

Heap:
 garbage-first heap   total 0K, used 0K [0x0000000704e00000, 0x0000000800000000)
  region size 2048K, 0 young (0K), 0 survivors (0K)

[error occurred during error reporting (printing heap information), id 0xc0000005, EXCEPTION_ACCESS_VIOLATION (0xc0000005) at pc=0x00007fff3e542069]
GC Heap History (0 events):
No events

Dll operation events (1 events):
Event: 0.006 Loaded shared library C:\tools\eclipse\plugins\org.eclipse.justj.openjdk.hotspot.jre.full.win32.x86_64_21.0.3.v20240426-1530\jre\bin\java.dll

Deoptimization events (0 events):
No events

Classes loaded (0 events):
No events

Classes unloaded (0 events):
No events

Classes redefined (0 events):
No events

Internal exceptions (0 events):
No events

ZGC Phase Switch (0 events):
No events

VM Operations (0 events):
No events

Events (0 events):
No events


Dynamic libraries:
0x00007ff74c1b0000 - 0x00007ff74c1be000 	C:\tools\eclipse\plugins\org.eclipse.justj.openjdk.hotspot.jre.full.win32.x86_64_21.0.3.v20240426-1530\jre\bin\javaw.exe
0x00007fffb3270000 - 0x00007fffb3487000 	C:\Windows\SYSTEM32\ntdll.dll
0x00007fffb1050000 - 0x00007fffb1114000 	C:\Windows\System32\KERNEL32.DLL
0x00007fffb05c0000 - 0x00007fffb096d000 	C:\Windows\System32\KERNELBASE.dll
0x00007fffb0cf0000 - 0x00007fffb0e01000 	C:\Windows\System32\ucrtbase.dll
0x00007fff9e6f0000 - 0x00007fff9e708000 	C:\tools\eclipse\plugins\org.eclipse.justj.openjdk.hotspot.jre.full.win32.x86_64_21.0.3.v20240426-1530\jre\bin\jli.dll
0x00007fffb2200000 - 0x00007fffb23ae000 	C:\Windows\System32\USER32.dll
0x00007fffb0cc0000 - 0x00007fffb0ce6000 	C:\Windows\System32\win32u.dll
0x00007fffb2df0000 - 0x00007fffb2e19000 	C:\Windows\System32\GDI32.dll
0x00007fffb0e10000 - 0x00007fffb0f29000 	C:\Windows\System32\gdi32full.dll
0x00007fffb0970000 - 0x00007fffb0a0a000 	C:\Windows\System32\msvcp_win.dll
0x00007fff9e6b0000 - 0x00007fff9e6cb000 	C:\tools\eclipse\plugins\org.eclipse.justj.openjdk.hotspot.jre.full.win32.x86_64_21.0.3.v20240426-1530\jre\bin\VCRUNTIME140.dll
0x00007fff8c5d0000 - 0x00007fff8c863000 	C:\Windows\WinSxS\amd64_microsoft.windows.common-controls_6595b64144ccf1df_6.0.22621.3672_none_2713b9d173822955\COMCTL32.dll
0x00007fffb1f10000 - 0x00007fffb1fb7000 	C:\Windows\System32\msvcrt.dll
0x00007fffb20c0000 - 0x00007fffb20f1000 	C:\Windows\System32\IMM32.DLL
0x00007fff9e7e0000 - 0x00007fff9e7ec000 	C:\tools\eclipse\plugins\org.eclipse.justj.openjdk.hotspot.jre.full.win32.x86_64_21.0.3.v20240426-1530\jre\bin\vcruntime140_1.dll
0x00007fff77550000 - 0x00007fff775de000 	C:\tools\eclipse\plugins\org.eclipse.justj.openjdk.hotspot.jre.full.win32.x86_64_21.0.3.v20240426-1530\jre\bin\msvcp140.dll
0x00007fff3de20000 - 0x00007fff3eba2000 	C:\tools\eclipse\plugins\org.eclipse.justj.openjdk.hotspot.jre.full.win32.x86_64_21.0.3.v20240426-1530\jre\bin\server\jvm.dll
0x00007fffb2830000 - 0x00007fffb28e2000 	C:\Windows\System32\ADVAPI32.dll
0x00007fffb1e60000 - 0x00007fffb1f09000 	C:\Windows\System32\sechost.dll
0x00007fffb0590000 - 0x00007fffb05b8000 	C:\Windows\System32\bcrypt.dll
0x00007fffb2710000 - 0x00007fffb2824000 	C:\Windows\System32\RPCRT4.dll
0x00007fffb2d70000 - 0x00007fffb2de1000 	C:\Windows\System32\WS2_32.dll
0x00007fffb0460000 - 0x00007fffb04ad000 	C:\Windows\SYSTEM32\POWRPROF.dll
0x00007fffa7620000 - 0x00007fffa7654000 	C:\Windows\SYSTEM32\WINMM.dll
0x00007fff9dec0000 - 0x00007fff9deca000 	C:\Windows\SYSTEM32\VERSION.dll
0x00007fffb0440000 - 0x00007fffb0453000 	C:\Windows\SYSTEM32\UMPDC.dll
0x00007fffaf5e0000 - 0x00007fffaf5f8000 	C:\Windows\SYSTEM32\kernel.appcore.dll
0x00007fffa7a60000 - 0x00007fffa7a6a000 	C:\tools\eclipse\plugins\org.eclipse.justj.openjdk.hotspot.jre.full.win32.x86_64_21.0.3.v20240426-1530\jre\bin\jimage.dll
0x00007fffadd90000 - 0x00007fffadfc2000 	C:\Windows\SYSTEM32\DBGHELP.DLL
0x00007fffb2e20000 - 0x00007fffb31ae000 	C:\Windows\System32\combase.dll
0x00007fffb1fc0000 - 0x00007fffb2097000 	C:\Windows\System32\OLEAUT32.dll
0x00007fff86d90000 - 0x00007fff86dc2000 	C:\Windows\SYSTEM32\dbgcore.DLL
0x00007fffb0b80000 - 0x00007fffb0bfb000 	C:\Windows\System32\bcryptPrimitives.dll
0x00007fffa6260000 - 0x00007fffa627f000 	C:\tools\eclipse\plugins\org.eclipse.justj.openjdk.hotspot.jre.full.win32.x86_64_21.0.3.v20240426-1530\jre\bin\java.dll

dbghelp: loaded successfully - version: 4.0.5 - missing functions: none
symbol engine: initialized successfully - sym options: 0x614 - pdb path: .;C:\tools\eclipse\plugins\org.eclipse.justj.openjdk.hotspot.jre.full.win32.x86_64_21.0.3.v20240426-1530\jre\bin;C:\Windows\SYSTEM32;C:\Windows\WinSxS\amd64_microsoft.windows.common-controls_6595b64144ccf1df_6.0.22621.3672_none_2713b9d173822955;C:\tools\eclipse\plugins\org.eclipse.justj.openjdk.hotspot.jre.full.win32.x86_64_21.0.3.v20240426-1530\jre\bin\server

VM Arguments:
jvm_args: -Dfile.encoding=UTF-8 -Dstdout.encoding=UTF-8 -Dstderr.encoding=UTF-8 --module-path=C:\workspace\02_Java\toyProect_hospital\bin -XX:+ShowCodeDetailsInExceptionMessages -Djdk.module.main=toyProect_hospital 
java_command: toyProect_hospital/hw.toy.hospital.run.HospitalRun
java_class_path (initial): <not set>
Launcher Type: SUN_STANDARD

[Global flags]
     intx CICompilerCount                          = 12                                        {product} {ergonomic}
     uint ConcGCThreads                            = 3                                         {product} {ergonomic}
     uint G1ConcRefinementThreads                  = 13                                        {product} {ergonomic}
   size_t G1HeapRegionSize                         = 2097152                                   {product} {ergonomic}
    uintx GCDrainStackTargetSize                   = 64                                        {product} {ergonomic}
   size_t InitialHeapSize                          = 264241152                                 {product} {ergonomic}
   size_t MarkStackSize                            = 4194304                                   {product} {ergonomic}
   size_t MaxHeapSize                              = 4213178368                                {product} {ergonomic}
   size_t MinHeapDeltaBytes                        = 2097152                                   {product} {ergonomic}
   size_t MinHeapSize                              = 8388608                                   {product} {ergonomic}
    uintx NonNMethodCodeHeapSize                   = 7602480                                {pd product} {ergonomic}
    uintx NonProfiledCodeHeapSize                  = 122027880                              {pd product} {ergonomic}
    uintx ProfiledCodeHeapSize                     = 122027880                              {pd product} {ergonomic}
    uintx ReservedCodeCacheSize                    = 251658240                              {pd product} {ergonomic}
     bool SegmentedCodeCache                       = true                                      {product} {ergonomic}
     bool ShowCodeDetailsInExceptionMessages       = true                                   {manageable} {command line}
   size_t SoftMaxHeapSize                          = 4213178368                             {manageable} {ergonomic}
     bool UseCompressedOops                        = true                           {product lp64_product} {ergonomic}
     bool UseG1GC                                  = true                                      {product} {ergonomic}
     bool UseLargePagesIndividualAllocation        = false                                  {pd product} {ergonomic}

Logging:
Log output configuration:
 #0: stdout all=warning uptime,level,tags foldmultilines=false
 #1: stderr all=off uptime,level,tags foldmultilines=false

Environment Variables:
JAVA_HOME=C:\tools\jdk-21.0.1
PATH=C:/tools/eclipse//plugins/org.eclipse.justj.openjdk.hotspot.jre.full.win32.x86_64_21.0.3.v20240426-1530/jre/bin/server;C:/tools/eclipse//plugins/org.eclipse.justj.openjdk.hotspot.jre.full.win32.x86_64_21.0.3.v20240426-1530/jre/bin;C:\Windows\system32;C:\Windows;C:\Windows\System32\Wbem;C:\Windows\System32\WindowsPowerShell\v1.0\;C:\Windows\System32\OpenSSH\;C:\Program Files\Bandizip\;C:\tools\jdk-21.0.1\bin;C:\Users\user\AppData\Local\Microsoft\WindowsApps;C:\Users\user\AppData\Local\Programs\Microsoft VS Code\bin;C:\tools\eclipse;
USERNAME=user
OS=Windows_NT
PROCESSOR_IDENTIFIER=Intel64 Family 6 Model 186 Stepping 2, GenuineIntel
TMP=C:\Users\user\AppData\Local\Temp
TEMP=C:\Users\user\AppData\Local\Temp




Periodic native trim disabled

---------------  S Y S T E M  ---------------

OS:
 Windows 11 , 64 bit Build 22621 (10.0.22621.3958)
OS uptime: 7 days 2:11 hours

CPU: total 16 (initial active 16) (8 cores per cpu, 2 threads per core) family 6 model 186 stepping 2 microcode 0x4114, cx8, cmov, fxsr, ht, mmx, 3dnowpref, sse, sse2, sse3, ssse3, sse4.1, sse4.2, popcnt, lzcnt, tsc, tscinvbit, avx, avx2, aes, erms, clmul, bmi1, bmi2, adx, sha, fma, vzeroupper, clflush, clflushopt, clwb, serialize, rdtscp, rdpid, fsrm, f16c, pku, cet_ibt, cet_ss
Processor Information for processor 0
  Max Mhz: 1900, Current Mhz: 1900, Mhz Limit: 1900
Processor Information for processor 1
  Max Mhz: 1900, Current Mhz: 1900, Mhz Limit: 1900
Processor Information for processor 2
  Max Mhz: 1900, Current Mhz: 1900, Mhz Limit: 1900
Processor Information for processor 3
  Max Mhz: 1900, Current Mhz: 1900, Mhz Limit: 1900
Processor Information for processor 4
  Max Mhz: 1900, Current Mhz: 1900, Mhz Limit: 1900
Processor Information for processor 5
  Max Mhz: 1900, Current Mhz: 1900, Mhz Limit: 1900
Processor Information for processor 6
  Max Mhz: 1900, Current Mhz: 1900, Mhz Limit: 1900
Processor Information for processor 7
  Max Mhz: 1900, Current Mhz: 1900, Mhz Limit: 1900
Processor Information for processor 8
  Max Mhz: 1900, Current Mhz: 1400, Mhz Limit: 1387
Processor Information for processor 9
  Max Mhz: 1900, Current Mhz: 1400, Mhz Limit: 1387
Processor Information for processor 10
  Max Mhz: 1900, Current Mhz: 1400, Mhz Limit: 1387
Processor Information for processor 11
  Max Mhz: 1900, Current Mhz: 1400, Mhz Limit: 1387
Processor Information for processor 12
  Max Mhz: 1900, Current Mhz: 1400, Mhz Limit: 1387
Processor Information for processor 13
  Max Mhz: 1900, Current Mhz: 1400, Mhz Limit: 1387
Processor Information for processor 14
  Max Mhz: 1900, Current Mhz: 1400, Mhz Limit: 1387
Processor Information for processor 15
  Max Mhz: 1900, Current Mhz: 1400, Mhz Limit: 1387

Memory: 4k page, system-wide physical 16066M (6404M free)
TotalPageFile size 43649M (AvailPageFile size 153M)
current process WorkingSet (physical memory assigned to process): 11M, peak: 11M
current process commit charge ("private bytes"): 70M, peak: 322M

vm_info: OpenJDK 64-Bit Server VM (21.0.3+9-LTS) for windows-amd64 JRE (21.0.3+9-LTS), built on 2024-04-16T00:00:00Z by "admin" with MS VC++ 17.7 (VS2022)

END.
